SF:lib\data\model\word_m\word_m.g.dart
DA:9,2
DA:10,1
DA:11,1
DA:12,1
DA:13,1
DA:14,1
DA:15,1
DA:16,1
DA:17,1
DA:18,1
DA:19,1
DA:20,1
DA:21,1
DA:24,0
DA:25,0
DA:26,0
DA:27,0
DA:28,0
DA:29,0
DA:30,0
DA:31,0
DA:32,0
DA:33,0
DA:34,0
DA:35,0
DA:36,0
LF:26
LH:13
end_of_record
SF:lib\data\model\word_m\word_m.dart
DA:24,1
DA:25,1
LF:2
LH:2
end_of_record
SF:lib\data\providers\db\sqlflite_db\sqflite_db.dart
DA:13,0
DA:16,0
DA:18,0
DA:20,0
DA:24,0
DA:25,0
DA:26,0
DA:27,0
DA:28,0
DA:31,0
DA:32,0
DA:33,0
DA:37,0
DA:39,0
DA:40,0
DA:41,0
DA:44,0
DA:46,0
DA:47,0
DA:49,0
DA:52,0
DA:53,0
DA:55,0
DA:57,0
DA:62,0
DA:66,0
DA:68,0
DA:71,0
DA:72,0
DA:74,0
DA:75,0
DA:76,0
DA:77,0
DA:81,0
DA:87,0
DA:90,0
DA:92,0
DA:94,0
DA:95,0
DA:96,0
DA:97,0
DA:101,0
DA:105,0
DA:108,0
DA:112,0
DA:115,0
DA:117,0
DA:119,0
DA:120,0
DA:121,0
DA:126,0
DA:134,0
DA:136,0
DA:137,0
DA:138,0
DA:139,0
DA:142,0
DA:143,0
DA:145,0
DA:146,0
DA:149,0
DA:150,0
DA:155,0
DA:157,0
DA:159,0
DA:162,0
DA:163,0
DA:166,0
DA:171,0
DA:172,0
DA:175,0
DA:178,0
DA:181,0
DA:182,0
DA:183,0
DA:184,0
LF:76
LH:0
end_of_record
SF:lib\data\repositories\words_repo.dart
DA:6,1
DA:11,0
DA:18,0
DA:19,0
DA:20,0
DA:23,0
DA:24,0
DA:26,0
DA:27,0
DA:28,0
DA:30,0
DA:33,0
DA:36,0
DA:40,0
DA:42,0
DA:45,0
DA:49,1
DA:50,1
DA:52,3
DA:53,1
DA:55,4
DA:60,0
DA:63,0
DA:66,0
DA:69,0
LF:25
LH:6
end_of_record
SF:lib\utils\constants\languages.dart
DA:19,0
DA:20,0
LF:2
LH:0
end_of_record
SF:lib\data\model\language_m\language_m.dart
DA:4,1
DA:12,0
DA:13,0
DA:14,0
DA:15,0
DA:17,0
DA:21,0
DA:25,0
DA:26,0
DA:29,0
DA:30,0
LF:11
LH:1
end_of_record
SF:lib\data\model\user_m\user_m.dart
DA:23,0
DA:24,0
LF:2
LH:0
end_of_record
SF:lib\data\model\user_m\user_m.g.dart
DA:9,0
DA:10,0
DA:11,0
DA:12,0
DA:13,0
DA:14,0
DA:15,0
DA:16,0
DA:17,0
DA:18,0
DA:19,0
DA:22,0
DA:23,0
DA:24,0
DA:25,0
DA:26,0
DA:27,0
DA:28,0
DA:29,0
DA:30,0
DA:31,0
DA:32,0
LF:22
LH:0
end_of_record
SF:lib\utils\enums\supported_lang.dart
DA:6,1
LF:1
LH:1
end_of_record
